Warning: You are sending unauthenticated requests to the HF Hub. Please set a HF_TOKEN to enable higher rate limits and faster downloads.
C:\Users\bpatel17\AppData\Local\Programs\Python\Python313\Lib\site-packages\huggingface_hub\file_download.py:138: UserWarning: `huggingface_hub` cache-system uses symlinks by default to efficiently store duplicated files but your machine does not support them in C:\Users\bpatel17\.cache\huggingface\hub\models--distilbert-base-uncased. Caching files will still work but in a degraded version that might require more space on your disk. This warning can be disabled by setting the `HF_HUB_DISABLE_SYMLINKS_WARNING` environment variable. For more details, see https://huggingface.co/docs/huggingface_hub/how-to-cache#limitations.
To support symlinks on Windows, you either need to activate Developer Mode or to run Python as an administrator. In order to activate developer mode, see this article: https://docs.microsoft.com/en-us/windows/apps/get-started/enable-your-device-for-development
  warnings.warn(message)
split sizes -> train 151  val 32  test 33
Loading weights:   0%|          | 0/100 [00:00<?, ?it/s]Loading weights: 100%|##########| 100/100 [00:00<00:00, 1121.98it/s]
[transformers] [1mDistilBertForSequenceClassification LOAD REPORT[0m from: distilbert-base-uncased
Key                     | Status     | 
------------------------+------------+-
vocab_transform.weight  | UNEXPECTED | 
vocab_layer_norm.weight | UNEXPECTED | 
vocab_layer_norm.bias   | UNEXPECTED | 
vocab_transform.bias    | UNEXPECTED | 
vocab_projector.bias    | UNEXPECTED | 
classifier.weight       | MISSING    | 
pre_classifier.bias     | MISSING    | 
pre_classifier.weight   | MISSING    | 
classifier.bias         | MISSING    | 

Notes:
- UNEXPECTED:	can be ignored when loading from different task/architecture; not ok if you expect identical arch.
- MISSING:	those params were newly initialized because missing from the checkpoint. Consider training on your downstream task.
epoch 1: val macro-F1 = 0.377
epoch 2: val macro-F1 = 0.390
epoch 3: val macro-F1 = 0.508
{
  "model": "distilbert-base-uncased",
  "run": "local CPU fine-tune (not Colab T4); seed and split differ from Colab",
  "hyperparameters": {
    "epochs": 3,
    "learning_rate": 2e-05,
    "batch_size": 16,
    "max_length": 256
  },
  "split_sizes": {
    "train": 151,
    "validation": 32,
    "test": 33
  },
  "overall_accuracy": 0.5455,
  "macro_f1": 0.4285,
  "per_class": {
    "reaction": {
      "precision": 0.0,
      "recall": 0.0,
      "f1": 0.0,
      "support": 9
    },
    "assertion": {
      "precision": 0.4211,
      "recall": 0.6667,
      "f1": 0.5161,
      "support": 12
    },
    "argument": {
      "precision": 0.7143,
      "recall": 0.8333,
      "f1": 0.7692,
      "support": 12
    }
  },
  "confusion_matrix": {
    "labels": [
      "reaction",
      "assertion",
      "argument"
    ],
    "rows_are_true_cols_are_pred": [
      [
        0,
        9,
        0
      ],
      [
        0,
        8,
        4
      ],
      [
        0,
        2,
        10
      ]
    ]
  }
}
wrote evaluation_results.json and confusion_matrix.png
