Warning: You are sending unauthenticated requests to the HF Hub. Please set a HF_TOKEN to enable higher rate limits and faster downloads.
split sizes -> train 151  val 32  test 33
Loading weights:   0%|          | 0/100 [00:00<?, ?it/s]Loading weights: 100%|##########| 100/100 [00:00<00:00, 1830.59it/s]
[transformers] [1mDistilBertForSequenceClassification LOAD REPORT[0m from: distilbert-base-uncased
Key                     | Status     | 
------------------------+------------+-
vocab_layer_norm.weight | UNEXPECTED | 
vocab_transform.bias    | UNEXPECTED | 
vocab_transform.weight  | UNEXPECTED | 
vocab_projector.bias    | UNEXPECTED | 
vocab_layer_norm.bias   | UNEXPECTED | 
pre_classifier.weight   | MISSING    | 
classifier.weight       | MISSING    | 
classifier.bias         | MISSING    | 
pre_classifier.bias     | MISSING    | 

Notes:
- UNEXPECTED:	can be ignored when loading from different task/architecture; not ok if you expect identical arch.
- MISSING:	those params were newly initialized because missing from the checkpoint. Consider training on your downstream task.
epoch 1: val macro-F1 = 0.377
epoch 2: val macro-F1 = 0.390
epoch 3: val macro-F1 = 0.508
{
  "model": "distilbert-base-uncased",
  "run": "local CPU fine-tune (not Colab T4); seed and split differ from Colab",
  "hyperparameters": {
    "epochs": 3,
    "learning_rate": 2e-05,
    "batch_size": 16,
    "max_length": 256
  },
  "split_sizes": {
    "train": 151,
    "validation": 32,
    "test": 33
  },
  "overall_accuracy": 0.5455,
  "macro_f1": 0.4285,
  "per_class": {
    "reaction": {
      "precision": 0.0,
      "recall": 0.0,
      "f1": 0.0,
      "support": 9
    },
    "assertion": {
      "precision": 0.4211,
      "recall": 0.6667,
      "f1": 0.5161,
      "support": 12
    },
    "argument": {
      "precision": 0.7143,
      "recall": 0.8333,
      "f1": 0.7692,
      "support": 12
    }
  },
  "confusion_matrix": {
    "labels": [
      "reaction",
      "assertion",
      "argument"
    ],
    "rows_are_true_cols_are_pred": [
      [
        0,
        9,
        0
      ],
      [
        0,
        8,
        4
      ],
      [
        0,
        2,
        10
      ]
    ]
  }
}
Writing model shards:   0%|          | 0/1 [00:00<?, ?it/s]Writing model shards: 100%|##########| 1/1 [00:01<00:00,  1.92s/it]Writing model shards: 100%|##########| 1/1 [00:01<00:00,  1.96s/it]
saved test_predictions.csv and finetuned_model/
wrote evaluation_results.json and confusion_matrix.png
